This file contains any messages produced by compilers while
running configure, to aid debugging if configure makes a mistake.

It was created by FreeType configure 2.4.9, which was
generated by GNU Autoconf 2.68.  Invocation command line was

  $ ./configure --host=arm-linux-androideabi --prefix=/freetype --without-zlib

## --------- ##
## Platform. ##
## --------- ##

hostname = timo-VirtualBox
uname -m = x86_64
uname -r = 3.2.0-32-generic
uname -s = Linux
uname -v = #51-Ubuntu SMP Wed Sep 26 21:33:09 UTC 2012

/usr/bin/uname -p = unknown
/bin/uname -X     = unknown

/bin/arch              = unknown
/usr/bin/arch -k       = unknown
/usr/convex/getsysinfo = unknown
/usr/bin/hostinfo      = unknown
/bin/machine           = unknown
/usr/bin/oslevel       = unknown
/bin/universe          = unknown

PATH: /home/timo/opt/android-ndk-r8b
PATH: /home/timo/opt/android-sdk-linux/tools
PATH: /home/timo/opt/android-sdk-linux/platform-tools
PATH: /home/timo/opt/android-ndk-r8b
PATH: /home/timo/opt/android-sdk-linux/tools
PATH: /home/timo/opt/android-sdk-linux/platform-tools
PATH: /usr/lib/lightdm/lightdm
PATH: /usr/local/sbin
PATH: /usr/local/bin
PATH: /usr/sbin
PATH: /usr/bin
PATH: /sbin
PATH: /bin
PATH: /usr/games


## ----------- ##
## Core tests. ##
## ----------- ##

configure:2458: checking build system type
configure:2472: result: x86_64-unknown-linux-gnu
configure:2492: checking host system type
configure:2505: result: arm-unknown-linux-androideabi
configure:2537: checking for arm-linux-androideabi-gcc
configure:2567: result: no
configure:2577: checking for gcc
configure:2593: found /usr/bin/gcc
configure:2604: result: gcc
configure:2833: checking for C compiler version
configure:2842: gcc --version >&5
gcc (Ubuntu/Linaro 4.6.3-1ubuntu5) 4.6.3
Copyright (C) 2011 Free Software Foundation, Inc.
This is free software; see the source for copying conditions.  There is NO
warranty; not even for MERCHANTABILITY or FITNESS FOR A PARTICULAR PURPOSE.

configure:2853: $? = 0
configure:2842: gcc -v >&5
Using built-in specs.
COLLECT_GCC=gcc
COLLECT_LTO_WRAPPER=/usr/lib/gcc/x86_64-linux-gnu/4.6/lto-wrapper
Target: x86_64-linux-gnu
Configured with: ../src/configure -v --with-pkgversion='Ubuntu/Linaro 4.6.3-1ubuntu5' --with-bugurl=file:///usr/share/doc/gcc-4.6/README.Bugs --enable-languages=c,c++,fortran,objc,obj-c++ --prefix=/usr --program-suffix=-4.6 --enable-shared --enable-linker-build-id --with-system-zlib --libexecdir=/usr/lib --without-included-gettext --enable-threads=posix --with-gxx-include-dir=/usr/include/c++/4.6 --libdir=/usr/lib --enable-nls --with-sysroot=/ --enable-clocale=gnu --enable-libstdcxx-debug --enable-libstdcxx-time=yes --enable-gnu-unique-object --enable-plugin --enable-objc-gc --disable-werror --with-arch-32=i686 --with-tune=generic --enable-checking=release --build=x86_64-linux-gnu --host=x86_64-linux-gnu --target=x86_64-linux-gnu
Thread model: posix
gcc version 4.6.3 (Ubuntu/Linaro 4.6.3-1ubuntu5) 
configure:2853: $? = 0
configure:2842: gcc -V >&5
gcc: error: unrecognized option '-V'
gcc: fatal error: no input files
compilation terminated.
configure:2853: $? = 4
configure:2842: gcc -qversion >&5
gcc: error: unrecognized option '-qversion'
gcc: fatal error: no input files
compilation terminated.
configure:2853: $? = 4
configure:2873: checking whether the C compiler works
configure:2895: gcc -std=gnu99   conftest.c  >&5
configure:2899: $? = 0
configure:2947: result: yes
configure:2950: checking for C compiler default output file name
configure:2952: result: a.out
configure:2958: checking for suffix of executables
configure:2965: gcc -o conftest -std=gnu99   conftest.c  >&5
configure:2969: $? = 0
configure:2991: result: 
configure:3013: checking whether we are cross compiling
configure:3021: gcc -o conftest -std=gnu99   conftest.c  >&5
configure:3025: $? = 0
configure:3032: ./conftest
configure:3036: $? = 0
configure:3051: result: no
configure:3056: checking for suffix of object files
configure:3078: gcc -c -std=gnu99  conftest.c >&5
configure:3082: $? = 0
configure:3103: result: o
configure:3107: checking whether we are using the GNU C compiler
configure:3126: gcc -c -std=gnu99  conftest.c >&5
configure:3126: $? = 0
configure:3135: result: yes
configure:3144: checking whether gcc accepts -g
configure:3164: gcc -c -g  conftest.c >&5
configure:3164: $? = 0
configure:3205: result: yes
configure:3222: checking for gcc option to accept ISO C89
configure:3286: gcc  -c -std=gnu99  conftest.c >&5
configure:3286: $? = 0
configure:3299: result: none needed
configure:3324: checking how to run the C preprocessor
configure:3355: gcc -E  conftest.c
configure:3355: $? = 0
configure:3369: gcc -E  conftest.c
conftest.c:9:28: fatal error: ac_nonexistent.h: No such file or directory
compilation terminated.
configure:3369: $? = 1
configure: failed program was:
| /* confdefs.h */
| #define PACKAGE_NAME "FreeType"
| #define PACKAGE_TARNAME "freetype"
| #define PACKAGE_VERSION "2.4.9"
| #define PACKAGE_STRING "FreeType 2.4.9"
| #define PACKAGE_BUGREPORT "freetype@nongnu.org"
| #define PACKAGE_URL ""
| /* end confdefs.h.  */
| #include <ac_nonexistent.h>
configure:3394: result: gcc -E
configure:3414: gcc -E  conftest.c
configure:3414: $? = 0
configure:3428: gcc -E  conftest.c
conftest.c:9:28: fatal error: ac_nonexistent.h: No such file or directory
compilation terminated.
configure:3428: $? = 1
configure: failed program was:
| /* confdefs.h */
| #define PACKAGE_NAME "FreeType"
| #define PACKAGE_TARNAME "freetype"
| #define PACKAGE_VERSION "2.4.9"
| #define PACKAGE_STRING "FreeType 2.4.9"
| #define PACKAGE_BUGREPORT "freetype@nongnu.org"
| #define PACKAGE_URL ""
| /* end confdefs.h.  */
| #include <ac_nonexistent.h>
configure:3644: checking for rm
configure:3660: found /bin/rm
configure:3671: result: rm -f
configure:3681: checking for rmdir
configure:3697: found /bin/rmdir
configure:3708: result: rmdir
configure:3736: checking for a BSD-compatible install
configure:3804: result: /usr/bin/install -c
configure:3828: checking for grep that handles long lines and -e
configure:3886: result: /bin/grep
configure:3891: checking for egrep
configure:3953: result: /bin/grep -E
configure:3958: checking for ANSI C header files
configure:3978: gcc -c -std=gnu99  conftest.c >&5
configure:3978: $? = 0
configure:4051: gcc -o conftest -std=gnu99   conftest.c  >&5
configure:4051: $? = 0
configure:4051: ./conftest
configure:4051: $? = 0
configure:4062: result: yes
configure:4075: checking for sys/types.h
configure:4075: gcc -c -std=gnu99  conftest.c >&5
configure:4075: $? = 0
configure:4075: result: yes
configure:4075: checking for sys/stat.h
configure:4075: gcc -c -std=gnu99  conftest.c >&5
configure:4075: $? = 0
configure:4075: result: yes
configure:4075: checking for stdlib.h
configure:4075: gcc -c -std=gnu99  conftest.c >&5
configure:4075: $? = 0
configure:4075: result: yes
configure:4075: checking for string.h
configure:4075: gcc -c -std=gnu99  conftest.c >&5
configure:4075: $? = 0
configure:4075: result: yes
configure:4075: checking for memory.h
configure:4075: gcc -c -std=gnu99  conftest.c >&5
configure:4075: $? = 0
configure:4075: result: yes
configure:4075: checking for strings.h
configure:4075: gcc -c -std=gnu99  conftest.c >&5
configure:4075: $? = 0
configure:4075: result: yes
configure:4075: checking for inttypes.h
configure:4075: gcc -c -std=gnu99  conftest.c >&5
configure:4075: $? = 0
configure:4075: result: yes
configure:4075: checking for stdint.h
configure:4075: gcc -c -std=gnu99  conftest.c >&5
configure:4075: $? = 0
configure:4075: result: yes
configure:4075: checking for unistd.h
configure:4075: gcc -c -std=gnu99  conftest.c >&5
configure:4075: $? = 0
configure:4075: result: yes
configure:4090: checking fcntl.h usability
configure:4090: gcc -c -std=gnu99  conftest.c >&5
configure:4090: $? = 0
configure:4090: result: yes
configure:4090: checking fcntl.h presence
configure:4090: gcc -E  conftest.c
configure:4090: $? = 0
configure:4090: result: yes
configure:4090: checking for fcntl.h
configure:4090: result: yes
configure:4090: checking for unistd.h
configure:4090: result: yes
configure:4104: checking for an ANSI C-conforming const
configure:4169: gcc -c -std=gnu99  conftest.c >&5
configure:4169: $? = 0
configure:4176: result: yes
configure:4188: checking size of int
configure:4193: gcc -o conftest -std=gnu99   conftest.c  >&5
configure:4193: $? = 0
configure:4193: ./conftest
configure:4193: $? = 0
configure:4207: result: 4
configure:4221: checking size of long
configure:4226: gcc -o conftest -std=gnu99   conftest.c  >&5
configure:4226: $? = 0
configure:4226: ./conftest
configure:4226: $? = 0
configure:4240: result: 8
configure:4254: checking whether cpp computation of bit length in ftconfig.in works
configure:4305: result: yes
configure:4342: checking for stdlib.h
configure:4342: result: yes
configure:4342: checking for unistd.h
configure:4342: result: yes
configure:4342: checking for sys/param.h
configure:4342: gcc -c -std=gnu99  conftest.c >&5
configure:4342: $? = 0
configure:4342: result: yes
configure:4362: checking for getpagesize
configure:4362: gcc -o conftest -std=gnu99   conftest.c  >&5
configure:4362: $? = 0
configure:4362: result: yes
configure:4371: checking for working mmap
configure:4518: gcc -o conftest -std=gnu99   conftest.c  >&5
configure:4518: $? = 0
configure:4518: ./conftest
configure:4518: $? = 0
configure:4528: result: yes
configure:4544: checking whether munmap is declared
configure:4544: gcc -c -std=gnu99  conftest.c >&5
configure:4544: $? = 0
configure:4544: result: yes
configure:4564: checking for munmap's first parameter type
configure:4578: gcc -c -std=gnu99  conftest.c >&5
configure:4578: $? = 0
configure:4579: result: void *
configure:4596: checking for memcpy
configure:4596: gcc -o conftest -std=gnu99   conftest.c  >&5
conftest.c:53:6: warning: conflicting types for built-in function 'memcpy' [enabled by default]
configure:4596: $? = 0
configure:4596: result: yes
configure:4596: checking for memmove
configure:4596: gcc -o conftest -std=gnu99   conftest.c  >&5
conftest.c:54:6: warning: conflicting types for built-in function 'memmove' [enabled by default]
configure:4596: $? = 0
configure:4596: result: yes
configure:4679: checking for BZ2_bzDecompress in -lbz2
configure:4704: gcc -o conftest -std=gnu99   conftest.c -lbz2   >&5
/usr/bin/ld: cannot find -lbz2
collect2: ld returned 1 exit status
configure:4704: $? = 1
configure: failed program was:
| /* confdefs.h */
| #define PACKAGE_NAME "FreeType"
| #define PACKAGE_TARNAME "freetype"
| #define PACKAGE_VERSION "2.4.9"
| #define PACKAGE_STRING "FreeType 2.4.9"
| #define PACKAGE_BUGREPORT "freetype@nongnu.org"
| #define PACKAGE_URL ""
| #define STDC_HEADERS 1
| #define HAVE_SYS_TYPES_H 1
| #define HAVE_SYS_STAT_H 1
| #define HAVE_STDLIB_H 1
| #define HAVE_STRING_H 1
| #define HAVE_MEMORY_H 1
| #define HAVE_STRINGS_H 1
| #define HAVE_INTTYPES_H 1
| #define HAVE_STDINT_H 1
| #define HAVE_UNISTD_H 1
| #define HAVE_FCNTL_H 1
| #define HAVE_UNISTD_H 1
| #define SIZEOF_INT 4
| #define SIZEOF_LONG 8
| #define HAVE_STDLIB_H 1
| #define HAVE_UNISTD_H 1
| #define HAVE_SYS_PARAM_H 1
| #define HAVE_GETPAGESIZE 1
| #define HAVE_MMAP 1
| #define HAVE_DECL_MUNMAP 1
| #define MUNMAP_USES_VOIDP /**/
| #define HAVE_MEMCPY 1
| #define HAVE_MEMMOVE 1
| /* end confdefs.h.  */
| 
| /* Override any GCC internal prototype to avoid an error.
|    Use char because int might match the return type of a GCC
|    builtin and then its argument prototype would still apply.  */
| #ifdef __cplusplus
| extern "C"
| #endif
| char BZ2_bzDecompress ();
| int
| main ()
| {
| return BZ2_bzDecompress ();
|   ;
|   return 0;
| }
configure:4713: result: no
configure:5365: checking how to print strings
configure:5392: result: printf
configure:5413: checking for a sed that does not truncate output
configure:5477: result: /bin/sed
configure:5495: checking for fgrep
configure:5557: result: /bin/grep -F
configure:5592: checking for ld used by gcc
configure:5659: result: /usr/bin/ld
configure:5666: checking if the linker (/usr/bin/ld) is GNU ld
configure:5681: result: yes
configure:5693: checking for BSD- or MS-compatible name lister (nm)
configure:5742: result: no
configure:5756: checking for arm-linux-androideabi-dumpbin
configure:5786: result: no
configure:5756: checking for arm-linux-androideabi-link
configure:5786: result: no
configure:5800: checking for dumpbin
configure:5830: result: no
configure:5800: checking for link
configure:5816: found /usr/bin/link
configure:5827: result: link -dump
configure:5872: checking the name lister (nm) interface
configure:5879: gcc -c -std=gnu99  conftest.c >&5
configure:5882: nm "conftest.o"
configure:5885: output
0000000000000000 B some_variable
configure:5892: result: BSD nm
configure:5895: checking whether ln -s works
configure:5899: result: yes
configure:5907: checking the maximum length of command line arguments
configure:6037: result: 3458764513820540925
configure:6054: checking whether the shell understands some XSI constructs
configure:6064: result: yes
configure:6068: checking whether the shell understands "+="
configure:6074: result: yes
configure:6109: checking how to convert x86_64-unknown-linux-gnu file names to arm-unknown-linux-androideabi format
configure:6149: result: func_convert_file_noop
configure:6156: checking how to convert x86_64-unknown-linux-gnu file names to toolchain format
configure:6176: result: func_convert_file_noop
configure:6183: checking for /usr/bin/ld option to reload object files
configure:6190: result: -r
configure:6224: checking for arm-linux-androideabi-objdump
configure:6254: result: no
configure:6264: checking for objdump
configure:6280: found /usr/bin/objdump
configure:6291: result: objdump
configure:6320: checking how to recognize dependent libraries
configure:6522: result: pass_all
configure:6567: checking for arm-linux-androideabi-dlltool
configure:6597: result: no
configure:6607: checking for dlltool
configure:6637: result: no
configure:6664: checking how to associate runtime and link libraries
configure:6691: result: printf %s\n
configure:6707: checking for arm-linux-androideabi-ar
configure:6737: result: no
configure:6751: checking for ar
configure:6767: found /usr/bin/ar
configure:6778: result: ar
configure:6815: checking for archiver @FILE support
configure:6832: gcc -c -std=gnu99  conftest.c >&5
configure:6832: $? = 0
configure:6835: ar cru libconftest.a @conftest.lst >&5
configure:6838: $? = 0
configure:6843: ar cru libconftest.a @conftest.lst >&5
ar: conftest.o: No such file or directory
configure:6846: $? = 1
configure:6858: result: @
configure:6876: checking for arm-linux-androideabi-strip
configure:6906: result: no
configure:6916: checking for strip
configure:6932: found /usr/bin/strip
configure:6943: result: strip
configure:6975: checking for arm-linux-androideabi-ranlib
configure:7005: result: no
configure:7015: checking for ranlib
configure:7031: found /usr/bin/ranlib
configure:7042: result: ranlib
configure:7119: checking for gawk
configure:7149: result: no
configure:7119: checking for mawk
configure:7135: found /usr/bin/mawk
configure:7146: result: mawk
configure:7186: checking command to parse nm output from gcc object
configure:7306: gcc -c -std=gnu99  conftest.c >&5
configure:7309: $? = 0
configure:7313: nm conftest.o \| sed -n -e 's/^.*[ ]\([ABCDGIRSTW][ABCDGIRSTW]*\)[ ][ ]*\([_A-Za-z][_A-Za-z0-9]*\)$/\1 \2 \2/p' | sed '/ __gnu_lto/d' \> conftest.nm
configure:7316: $? = 0
configure:7382: gcc -o conftest -std=gnu99   conftest.c conftstm.o >&5
configure:7385: $? = 0
configure:7423: result: ok
configure:7460: checking for sysroot
configure:7490: result: no
configure:7706: checking for arm-linux-androideabi-mt
configure:7736: result: no
configure:7746: checking for mt
configure:7762: found /bin/mt
configure:7773: result: mt
configure:7796: checking if mt is a manifest tool
configure:7802: mt '-?'
configure:7810: result: no
configure:8449: checking for dlfcn.h
configure:8449: gcc -c -std=gnu99  conftest.c >&5
configure:8449: $? = 0
configure:8449: result: yes
configure:8953: checking for objdir
configure:8968: result: .libs
configure:9235: checking if gcc supports -fno-rtti -fno-exceptions
configure:9253: gcc -c -std=gnu99  -fno-rtti -fno-exceptions conftest.c >&5
cc1: warning: command line option '-fno-rtti' is valid for C++/ObjC++ but not for C [enabled by default]
configure:9257: $? = 0
configure:9270: result: no
configure:9597: checking for gcc option to produce PIC
configure:9604: result: -fPIC -DPIC
configure:9612: checking if gcc PIC flag -fPIC -DPIC works
configure:9630: gcc -c -std=gnu99  -fPIC -DPIC -DPIC conftest.c >&5
configure:9634: $? = 0
configure:9647: result: yes
configure:9676: checking if gcc static flag -static works
configure:9704: result: yes
configure:9719: checking if gcc supports -c -o file.o
configure:9740: gcc -c -std=gnu99  -o out/conftest2.o conftest.c >&5
configure:9744: $? = 0
configure:9766: result: yes
configure:9774: checking if gcc supports -c -o file.o
configure:9821: result: yes
configure:9854: checking whether the gcc linker (/usr/bin/ld) supports shared libraries
configure:11007: result: yes
configure:11044: checking whether -lc should be explicitly linked in
configure:11052: gcc -c -std=gnu99  conftest.c >&5
configure:11055: $? = 0
configure:11070: gcc -shared  -fPIC -DPIC conftest.o  -v -Wl,-soname -Wl,conftest -o conftest 2\>\&1 \| /bin/grep  -lc  \>/dev/null 2\>\&1
configure:11073: $? = 0
configure:11087: result: no
configure:11247: checking dynamic linker characteristics
configure:11758: gcc -o conftest -std=gnu99   -Wl,-rpath -Wl,/foo conftest.c  >&5
configure:11758: $? = 0
configure:11980: result: GNU/Linux ld.so
configure:12087: checking how to hardcode library paths into programs
configure:12112: result: immediate
configure:12652: checking whether stripping libraries is possible
configure:12657: result: yes
configure:12692: checking if libtool supports shared libraries
configure:12694: result: yes
configure:12697: checking whether to build shared libraries
configure:12718: result: yes
configure:12721: checking whether to build static libraries
configure:12725: result: yes
configure:12900: creating ./config.status

## ---------------------- ##
## Running config.status. ##
## ---------------------- ##

This file was extended by FreeType config.status 2.4.9, which was
generated by GNU Autoconf 2.68.  Invocation command line was

  CONFIG_FILES    = 
  CONFIG_HEADERS  = 
  CONFIG_LINKS    = 
  CONFIG_COMMANDS = 
  $ ./config.status 

on timo-VirtualBox

config.status:1088: creating unix-cc.mk
config.status:1088: creating unix-def.mk
config.status:1088: creating freetype-config
config.status:1088: creating freetype2.pc
config.status:1088: creating ftconfig.h
config.status:1277: executing libtool commands

## ---------------- ##
## Cache variables. ##
## ---------------- ##

ac_cv_build=x86_64-unknown-linux-gnu
ac_cv_c_compiler_gnu=yes
ac_cv_c_const=yes
ac_cv_env_CC_set=
ac_cv_env_CC_value=
ac_cv_env_CFLAGS_set=set
ac_cv_env_CFLAGS_value=-std=gnu99
ac_cv_env_CPPFLAGS_set=
ac_cv_env_CPPFLAGS_value=
ac_cv_env_CPP_set=
ac_cv_env_CPP_value=
ac_cv_env_LDFLAGS_set=
ac_cv_env_LDFLAGS_value=
ac_cv_env_LIBS_set=
ac_cv_env_LIBS_value=
ac_cv_env_build_alias_set=
ac_cv_env_build_alias_value=
ac_cv_env_host_alias_set=set
ac_cv_env_host_alias_value=arm-linux-androideabi
ac_cv_env_target_alias_set=
ac_cv_env_target_alias_value=
ac_cv_func_getpagesize=yes
ac_cv_func_memcpy=yes
ac_cv_func_memmove=yes
ac_cv_func_mmap_fixed_mapped=yes
ac_cv_have_decl_munmap=yes
ac_cv_header_dlfcn_h=yes
ac_cv_header_fcntl_h=yes
ac_cv_header_inttypes_h=yes
ac_cv_header_memory_h=yes
ac_cv_header_stdc=yes
ac_cv_header_stdint_h=yes
ac_cv_header_stdlib_h=yes
ac_cv_header_string_h=yes
ac_cv_header_strings_h=yes
ac_cv_header_sys_param_h=yes
ac_cv_header_sys_stat_h=yes
ac_cv_header_sys_types_h=yes
ac_cv_header_unistd_h=yes
ac_cv_host=arm-unknown-linux-androideabi
ac_cv_lib_bz2_BZ2_bzDecompress=no
ac_cv_objext=o
ac_cv_path_EGREP='/bin/grep -E'
ac_cv_path_FGREP='/bin/grep -F'
ac_cv_path_GREP=/bin/grep
ac_cv_path_SED=/bin/sed
ac_cv_path_install='/usr/bin/install -c'
ac_cv_prog_AWK=mawk
ac_cv_prog_CPP='gcc -E'
ac_cv_prog_RMDIR=rmdir
ac_cv_prog_RMF='rm -f'
ac_cv_prog_ac_ct_AR=ar
ac_cv_prog_ac_ct_CC=gcc
ac_cv_prog_ac_ct_DUMPBIN='link -dump'
ac_cv_prog_ac_ct_MANIFEST_TOOL=mt
ac_cv_prog_ac_ct_OBJDUMP=objdump
ac_cv_prog_ac_ct_RANLIB=ranlib
ac_cv_prog_ac_ct_STRIP=strip
ac_cv_prog_cc_c89=
ac_cv_prog_cc_g=yes
ac_cv_sizeof_int=4
ac_cv_sizeof_long=8
lt_cv_ar_at_file=@
lt_cv_archive_cmds_need_lc=no
lt_cv_deplibs_check_method=pass_all
lt_cv_file_magic_cmd='$MAGIC_CMD'
lt_cv_file_magic_test_file=
lt_cv_ld_reload_flag=-r
lt_cv_nm_interface='BSD nm'
lt_cv_objdir=.libs
lt_cv_path_LD=/usr/bin/ld
lt_cv_path_NM=no
lt_cv_path_mainfest_tool=no
lt_cv_prog_compiler_c_o=yes
lt_cv_prog_compiler_pic='-fPIC -DPIC'
lt_cv_prog_compiler_pic_works=yes
lt_cv_prog_compiler_rtti_exceptions=no
lt_cv_prog_compiler_static_works=yes
lt_cv_prog_gnu_ld=yes
lt_cv_sharedlib_from_linklib_cmd='printf %s\n'
lt_cv_shlibpath_overrides_runpath=no
lt_cv_sys_global_symbol_pipe='sed -n -e '\''s/^.*[	 ]\([ABCDGIRSTW][ABCDGIRSTW]*\)[	 ][	 ]*\([_A-Za-z][_A-Za-z0-9]*\)$/\1 \2 \2/p'\'' | sed '\''/ __gnu_lto/d'\'''
lt_cv_sys_global_symbol_to_c_name_address='sed -n -e '\''s/^: \([^ ]*\)[ ]*$/  {\"\1\", (void *) 0},/p'\'' -e '\''s/^[ABCDGIRSTW]* \([^ ]*\) \([^ ]*\)$/  {"\2", (void *) \&\2},/p'\'''
lt_cv_sys_global_symbol_to_c_name_address_lib_prefix='sed -n -e '\''s/^: \([^ ]*\)[ ]*$/  {\"\1\", (void *) 0},/p'\'' -e '\''s/^[ABCDGIRSTW]* \([^ ]*\) \(lib[^ ]*\)$/  {"\2", (void *) \&\2},/p'\'' -e '\''s/^[ABCDGIRSTW]* \([^ ]*\) \([^ ]*\)$/  {"lib\2", (void *) \&\2},/p'\'''
lt_cv_sys_global_symbol_to_cdecl='sed -n -e '\''s/^T .* \(.*\)$/extern int \1();/p'\'' -e '\''s/^[ABCDGIRSTW]* .* \(.*\)$/extern char \1;/p'\'''
lt_cv_sys_max_cmd_len=3458764513820540925
lt_cv_to_host_file_cmd=func_convert_file_noop
lt_cv_to_tool_file_cmd=func_convert_file_noop

## ----------------- ##
## Output variables. ##
## ----------------- ##

AR='ar'
AS='as'
AWK='mawk'
CC='gcc'
CC_BUILD='gcc'
CFLAGS='-std=gnu99'
CPP='gcc -E'
CPPFLAGS=''
DEFS='-DHAVE_CONFIG_H'
DLLTOOL='false'
DSYMUTIL=''
DUMPBIN=':'
ECHO_C=''
ECHO_N='-n'
ECHO_T=''
EGREP='/bin/grep -E'
EXEEXT=''
EXEEXT_BUILD=''
FGREP='/bin/grep -F'
FT2_EXTRA_LIBS=''
FTSYS_SRC='$(BUILD_DIR)/ftsystem.c'
GREP='/bin/grep'
INSTALL_DATA='${INSTALL} -m 644'
INSTALL_PROGRAM='${INSTALL}'
INSTALL_SCRIPT='${INSTALL}'
LD='/usr/bin/ld'
LDFLAGS=''
LIBBZ2=''
LIBOBJS=''
LIBS=''
LIBTOOL='$(SHELL) $(top_builddir)/libtool'
LIBZ=''
LIPO=''
LN_S='ln -s'
LTLIBOBJS=''
MANIFEST_TOOL=':'
NM='nm'
NMEDIT=''
OBJDUMP='objdump'
OBJEXT='o'
OTOOL64=''
OTOOL=''
PACKAGE_BUGREPORT='freetype@nongnu.org'
PACKAGE_NAME='FreeType'
PACKAGE_STRING='FreeType 2.4.9'
PACKAGE_TARNAME='freetype'
PACKAGE_URL=''
PACKAGE_VERSION='2.4.9'
PATH_SEPARATOR=':'
RANLIB='ranlib'
RMDIR='rmdir'
RMF='rm -f'
SED='/bin/sed'
SHELL='/bin/bash'
STRIP='strip'
SYSTEM_ZLIB=''
XX_ANSIFLAGS='-pedantic -ansi'
XX_CFLAGS='-Wall'
ac_ct_AR='ar'
ac_ct_CC='gcc'
ac_ct_DUMPBIN='link -dump'
bindir='${exec_prefix}/bin'
build='x86_64-unknown-linux-gnu'
build_alias=''
build_cpu='x86_64'
build_libtool_libs=''
build_os='linux-gnu'
build_vendor='unknown'
datadir='${datarootdir}'
datarootdir='${prefix}/share'
docdir='${datarootdir}/doc/${PACKAGE_TARNAME}'
dvidir='${docdir}'
exec_prefix='${prefix}'
ft_version='14.1.8'
ftmac_c=''
hardcode_libdir_flag_spec='${wl}-rpath ${wl}$libdir'
host='arm-unknown-linux-androideabi'
host_alias='arm-linux-androideabi'
host_cpu='arm'
host_os='linux-androideabi'
host_vendor='unknown'
htmldir='${docdir}'
includedir='${prefix}/include'
infodir='${datarootdir}/info'
libdir='${exec_prefix}/lib'
libexecdir='${exec_prefix}/libexec'
localedir='${datarootdir}/locale'
localstatedir='${prefix}/var'
mandir='${datarootdir}/man'
oldincludedir='/usr/include'
pdfdir='${docdir}'
prefix='/freetype'
program_transform_name='s,x,x,'
psdir='${docdir}'
sbindir='${exec_prefix}/sbin'
sharedstatedir='${prefix}/com'
sysconfdir='${prefix}/etc'
target_alias=''
version_info='14:1:8'
wl='-Wl,'

## ----------- ##
## confdefs.h. ##
## ----------- ##

/* confdefs.h */
#define PACKAGE_NAME "FreeType"
#define PACKAGE_TARNAME "freetype"
#define PACKAGE_VERSION "2.4.9"
#define PACKAGE_STRING "FreeType 2.4.9"
#define PACKAGE_BUGREPORT "freetype@nongnu.org"
#define PACKAGE_URL ""
#define STDC_HEADERS 1
#define HAVE_SYS_TYPES_H 1
#define HAVE_SYS_STAT_H 1
#define HAVE_STDLIB_H 1
#define HAVE_STRING_H 1
#define HAVE_MEMORY_H 1
#define HAVE_STRINGS_H 1
#define HAVE_INTTYPES_H 1
#define HAVE_STDINT_H 1
#define HAVE_UNISTD_H 1
#define HAVE_FCNTL_H 1
#define HAVE_UNISTD_H 1
#define SIZEOF_INT 4
#define SIZEOF_LONG 8
#define HAVE_STDLIB_H 1
#define HAVE_UNISTD_H 1
#define HAVE_SYS_PARAM_H 1
#define HAVE_GETPAGESIZE 1
#define HAVE_MMAP 1
#define HAVE_DECL_MUNMAP 1
#define MUNMAP_USES_VOIDP /**/
#define HAVE_MEMCPY 1
#define HAVE_MEMMOVE 1
#define HAVE_DLFCN_H 1
#define LT_OBJDIR ".libs/"

configure: exit 0
