C:\USERS\TIMO\DOCUMENTS\GITHUB\RENDERSTACK\LIBRARIES\FREETYPE-2.4.9\OBJS\DEBUG\FTBASE.OBJ
C:\USERS\TIMO\DOCUMENTS\GITHUB\RENDERSTACK\LIBRARIES\FREETYPE-2.4.9\OBJS\DEBUG\FTBBOX.OBJ
C:\USERS\TIMO\DOCUMENTS\GITHUB\RENDERSTACK\LIBRARIES\FREETYPE-2.4.9\OBJS\DEBUG\FTPFR.OBJ
C:\USERS\TIMO\DOCUMENTS\GITHUB\RENDERSTACK\LIBRARIES\FREETYPE-2.4.9\OBJS\DEBUG\FTGXVAL.OBJ
C:\USERS\TIMO\DOCUMENTS\GITHUB\RENDERSTACK\LIBRARIES\FREETYPE-2.4.9\OBJS\DEBUG\PSAUX.OBJ
C:\USERS\TIMO\DOCUMENTS\GITHUB\RENDERSTACK\LIBRARIES\FREETYPE-2.4.9\OBJS\DEBUG\TYPE1CID.OBJ
C:\USERS\TIMO\DOCUMENTS\GITHUB\RENDERSTACK\LIBRARIES\FREETYPE-2.4.9\OBJS\DEBUG\BDF.OBJ
C:\USERS\TIMO\DOCUMENTS\GITHUB\RENDERSTACK\LIBRARIES\FREETYPE-2.4.9\OBJS\DEBUG\FTCACHE.OBJ
C:\USERS\TIMO\DOCUMENTS\GITHUB\RENDERSTACK\LIBRARIES\FREETYPE-2.4.9\OBJS\DEBUG\FTGZIP.OBJ
C:\USERS\TIMO\DOCUMENTS\GITHUB\RENDERSTACK\LIBRARIES\FREETYPE-2.4.9\OBJS\DEBUG\SMOOTH.OBJ
C:\USERS\TIMO\DOCUMENTS\GITHUB\RENDERSTACK\LIBRARIES\FREETYPE-2.4.9\OBJS\DEBUG\FTWINFNT.OBJ
C:\USERS\TIMO\DOCUMENTS\GITHUB\RENDERSTACK\LIBRARIES\FREETYPE-2.4.9\OBJS\DEBUG\FTLCDFIL.OBJ
C:\USERS\TIMO\DOCUMENTS\GITHUB\RENDERSTACK\LIBRARIES\FREETYPE-2.4.9\OBJS\DEBUG\PCF.OBJ
C:\USERS\TIMO\DOCUMENTS\GITHUB\RENDERSTACK\LIBRARIES\FREETYPE-2.4.9\OBJS\DEBUG\RASTER.OBJ
C:\USERS\TIMO\DOCUMENTS\GITHUB\RENDERSTACK\LIBRARIES\FREETYPE-2.4.9\OBJS\DEBUG\TYPE1.OBJ
C:\USERS\TIMO\DOCUMENTS\GITHUB\RENDERSTACK\LIBRARIES\FREETYPE-2.4.9\OBJS\DEBUG\WINFNT.OBJ
C:\USERS\TIMO\DOCUMENTS\GITHUB\RENDERSTACK\LIBRARIES\FREETYPE-2.4.9\OBJS\DEBUG\AUTOFIT.OBJ
C:\USERS\TIMO\DOCUMENTS\GITHUB\RENDERSTACK\LIBRARIES\FREETYPE-2.4.9\OBJS\DEBUG\FTBITMAP.OBJ
C:\USERS\TIMO\DOCUMENTS\GITHUB\RENDERSTACK\LIBRARIES\FREETYPE-2.4.9\OBJS\DEBUG\FTFSTYPE.OBJ
C:\USERS\TIMO\DOCUMENTS\GITHUB\RENDERSTACK\LIBRARIES\FREETYPE-2.4.9\OBJS\DEBUG\FTGASP.OBJ
C:\USERS\TIMO\DOCUMENTS\GITHUB\RENDERSTACK\LIBRARIES\FREETYPE-2.4.9\OBJS\DEBUG\FTINIT.OBJ
C:\USERS\TIMO\DOCUMENTS\GITHUB\RENDERSTACK\LIBRARIES\FREETYPE-2.4.9\OBJS\DEBUG\FTSTROKE.OBJ
C:\USERS\TIMO\DOCUMENTS\GITHUB\RENDERSTACK\LIBRARIES\FREETYPE-2.4.9\OBJS\DEBUG\FTSYNTH.OBJ
C:\USERS\TIMO\DOCUMENTS\GITHUB\RENDERSTACK\LIBRARIES\FREETYPE-2.4.9\OBJS\DEBUG\FTXF86.OBJ
C:\USERS\TIMO\DOCUMENTS\GITHUB\RENDERSTACK\LIBRARIES\FREETYPE-2.4.9\OBJS\DEBUG\FTOTVAL.OBJ
C:\USERS\TIMO\DOCUMENTS\GITHUB\RENDERSTACK\LIBRARIES\FREETYPE-2.4.9\OBJS\DEBUG\PFR.OBJ
C:\USERS\TIMO\DOCUMENTS\GITHUB\RENDERSTACK\LIBRARIES\FREETYPE-2.4.9\OBJS\DEBUG\PSMODULE.OBJ
C:\USERS\TIMO\DOCUMENTS\GITHUB\RENDERSTACK\LIBRARIES\FREETYPE-2.4.9\OBJS\DEBUG\TRUETYPE.OBJ
C:\USERS\TIMO\DOCUMENTS\GITHUB\RENDERSTACK\LIBRARIES\FREETYPE-2.4.9\OBJS\DEBUG\TYPE42.OBJ
C:\USERS\TIMO\DOCUMENTS\GITHUB\RENDERSTACK\LIBRARIES\FREETYPE-2.4.9\OBJS\DEBUG\CFF.OBJ
C:\USERS\TIMO\DOCUMENTS\GITHUB\RENDERSTACK\LIBRARIES\FREETYPE-2.4.9\OBJS\DEBUG\FTGLYPH.OBJ
C:\USERS\TIMO\DOCUMENTS\GITHUB\RENDERSTACK\LIBRARIES\FREETYPE-2.4.9\OBJS\DEBUG\FTLZW.OBJ
C:\USERS\TIMO\DOCUMENTS\GITHUB\RENDERSTACK\LIBRARIES\FREETYPE-2.4.9\OBJS\DEBUG\FTSYSTEM.OBJ
C:\USERS\TIMO\DOCUMENTS\GITHUB\RENDERSTACK\LIBRARIES\FREETYPE-2.4.9\OBJS\DEBUG\FTMM.OBJ
C:\USERS\TIMO\DOCUMENTS\GITHUB\RENDERSTACK\LIBRARIES\FREETYPE-2.4.9\OBJS\DEBUG\FTTYPE1.OBJ
C:\USERS\TIMO\DOCUMENTS\GITHUB\RENDERSTACK\LIBRARIES\FREETYPE-2.4.9\OBJS\DEBUG\FTPATENT.OBJ
C:\USERS\TIMO\DOCUMENTS\GITHUB\RENDERSTACK\LIBRARIES\FREETYPE-2.4.9\OBJS\DEBUG\PSHINTER.OBJ
C:\USERS\TIMO\DOCUMENTS\GITHUB\RENDERSTACK\LIBRARIES\FREETYPE-2.4.9\OBJS\DEBUG\SFNT.OBJ
C:\USERS\TIMO\DOCUMENTS\GITHUB\RENDERSTACK\LIBRARIES\FREETYPE-2.4.9\OBJS\DEBUG\VC110.PDB
C:\USERS\TIMO\DOCUMENTS\GITHUB\RENDERSTACK\LIBRARIES\FREETYPE-2.4.9\OBJS\DEBUG\FTDEBUG.OBJ
C:\USERS\TIMO\DOCUMENTS\GITHUB\RENDERSTACK\LIBRARIES\FREETYPE-2.4.9\OBJS\WIN32\VC2010\FREETYPE249_D.LIB
C:\Users\timo\Documents\GitHub\RenderStack\libraries\freetype-2.4.9\objs\debug\autofit.obj
C:\Users\timo\Documents\GitHub\RenderStack\libraries\freetype-2.4.9\objs\debug\bdf.obj
C:\Users\timo\Documents\GitHub\RenderStack\libraries\freetype-2.4.9\objs\debug\cff.obj
C:\Users\timo\Documents\GitHub\RenderStack\libraries\freetype-2.4.9\objs\debug\ftbase.obj
C:\Users\timo\Documents\GitHub\RenderStack\libraries\freetype-2.4.9\objs\debug\ftbbox.obj
C:\Users\timo\Documents\GitHub\RenderStack\libraries\freetype-2.4.9\objs\debug\ftbitmap.obj
C:\Users\timo\Documents\GitHub\RenderStack\libraries\freetype-2.4.9\objs\debug\ftcache.obj
C:\Users\timo\Documents\GitHub\RenderStack\libraries\freetype-2.4.9\objs\debug\ftdebug.obj
C:\Users\timo\Documents\GitHub\RenderStack\libraries\freetype-2.4.9\objs\debug\ftfstype.obj
C:\Users\timo\Documents\GitHub\RenderStack\libraries\freetype-2.4.9\objs\debug\ftgasp.obj
C:\Users\timo\Documents\GitHub\RenderStack\libraries\freetype-2.4.9\objs\debug\ftglyph.obj
C:\Users\timo\Documents\GitHub\RenderStack\libraries\freetype-2.4.9\objs\debug\ftgxval.obj
C:\Users\timo\Documents\GitHub\RenderStack\libraries\freetype-2.4.9\objs\debug\ftgzip.obj
C:\Users\timo\Documents\GitHub\RenderStack\libraries\freetype-2.4.9\objs\debug\ftinit.obj
C:\Users\timo\Documents\GitHub\RenderStack\libraries\freetype-2.4.9\objs\debug\ftlcdfil.obj
C:\Users\timo\Documents\GitHub\RenderStack\libraries\freetype-2.4.9\objs\debug\ftlzw.obj
C:\Users\timo\Documents\GitHub\RenderStack\libraries\freetype-2.4.9\objs\debug\ftmm.obj
C:\Users\timo\Documents\GitHub\RenderStack\libraries\freetype-2.4.9\objs\debug\ftotval.obj
C:\Users\timo\Documents\GitHub\RenderStack\libraries\freetype-2.4.9\objs\debug\ftpatent.obj
C:\Users\timo\Documents\GitHub\RenderStack\libraries\freetype-2.4.9\objs\debug\ftpfr.obj
C:\Users\timo\Documents\GitHub\RenderStack\libraries\freetype-2.4.9\objs\debug\ftstroke.obj
C:\Users\timo\Documents\GitHub\RenderStack\libraries\freetype-2.4.9\objs\debug\ftsynth.obj
C:\Users\timo\Documents\GitHub\RenderStack\libraries\freetype-2.4.9\objs\debug\ftsystem.obj
C:\Users\timo\Documents\GitHub\RenderStack\libraries\freetype-2.4.9\objs\debug\fttype1.obj
C:\Users\timo\Documents\GitHub\RenderStack\libraries\freetype-2.4.9\objs\debug\ftwinfnt.obj
C:\Users\timo\Documents\GitHub\RenderStack\libraries\freetype-2.4.9\objs\debug\ftxf86.obj
C:\Users\timo\Documents\GitHub\RenderStack\libraries\freetype-2.4.9\objs\debug\pcf.obj
C:\Users\timo\Documents\GitHub\RenderStack\libraries\freetype-2.4.9\objs\debug\pfr.obj
C:\Users\timo\Documents\GitHub\RenderStack\libraries\freetype-2.4.9\objs\debug\psaux.obj
C:\Users\timo\Documents\GitHub\RenderStack\libraries\freetype-2.4.9\objs\debug\pshinter.obj
C:\Users\timo\Documents\GitHub\RenderStack\libraries\freetype-2.4.9\objs\debug\psmodule.obj
C:\Users\timo\Documents\GitHub\RenderStack\libraries\freetype-2.4.9\objs\debug\raster.obj
C:\Users\timo\Documents\GitHub\RenderStack\libraries\freetype-2.4.9\objs\debug\sfnt.obj
C:\Users\timo\Documents\GitHub\RenderStack\libraries\freetype-2.4.9\objs\debug\smooth.obj
C:\Users\timo\Documents\GitHub\RenderStack\libraries\freetype-2.4.9\objs\debug\truetype.obj
C:\Users\timo\Documents\GitHub\RenderStack\libraries\freetype-2.4.9\objs\debug\type1.obj
C:\Users\timo\Documents\GitHub\RenderStack\libraries\freetype-2.4.9\objs\debug\type1cid.obj
C:\Users\timo\Documents\GitHub\RenderStack\libraries\freetype-2.4.9\objs\debug\type42.obj
C:\Users\timo\Documents\GitHub\RenderStack\libraries\freetype-2.4.9\objs\debug\winfnt.obj
C:\Users\timo\Documents\GitHub\RenderStack\libraries\freetype-2.4.9\objs\debug\CL.3352.read.1.tlog
C:\Users\timo\Documents\GitHub\RenderStack\libraries\freetype-2.4.9\objs\debug\CL.3352.write.1.tlog
C:\Users\timo\Documents\GitHub\RenderStack\libraries\freetype-2.4.9\objs\debug\CL.4296.read.1.tlog
C:\Users\timo\Documents\GitHub\RenderStack\libraries\freetype-2.4.9\objs\debug\CL.4296.write.1.tlog
C:\Users\timo\Documents\GitHub\RenderStack\libraries\freetype-2.4.9\objs\debug\CL.5340.read.1.tlog
C:\Users\timo\Documents\GitHub\RenderStack\libraries\freetype-2.4.9\objs\debug\CL.5340.write.1.tlog
C:\Users\timo\Documents\GitHub\RenderStack\libraries\freetype-2.4.9\objs\debug\CL.5484.read.1.tlog
C:\Users\timo\Documents\GitHub\RenderStack\libraries\freetype-2.4.9\objs\debug\CL.5484.write.1.tlog
C:\Users\timo\Documents\GitHub\RenderStack\libraries\freetype-2.4.9\objs\debug\cl.command.1.tlog
C:\Users\timo\Documents\GitHub\RenderStack\libraries\freetype-2.4.9\objs\debug\CL.read.1.tlog
C:\Users\timo\Documents\GitHub\RenderStack\libraries\freetype-2.4.9\objs\debug\CL.write.1.tlog
C:\Users\timo\Documents\GitHub\RenderStack\libraries\freetype-2.4.9\objs\debug\Lib-link.read.1.tlog
C:\Users\timo\Documents\GitHub\RenderStack\libraries\freetype-2.4.9\objs\debug\Lib-link.write.1.tlog
C:\Users\timo\Documents\GitHub\RenderStack\libraries\freetype-2.4.9\objs\debug\lib.command.1.tlog
C:\Users\timo\Documents\GitHub\RenderStack\libraries\freetype-2.4.9\objs\debug\vc110.pdb
C:\Users\timo\Documents\GitHub\RenderStack\libraries\freetype-2.4.9\builds\win32\vc2010\.\..\..\..\objs\win32\vc2010\freetype249_D.lib
